<?xml version="1.0" encoding="UTF-8"?>
<!-- Generated by org.testng.reporters.JUnitXMLReporter -->
<testsuite hostname="SAI" ignored="0" name="Testngwithmaven" tests="3" failures="2" timestamp="14 Aug 2018 05:24:11 GMT" time="40.108" errors="0">
  <testcase name="MaxBrowser" time="1.134" classname="MavenProject.MaveenProject.MecuryTours"/>
  <testcase name="loginvalid" time="0.256" classname="MavenProject.MaveenProject.MecuryTours">
    <failure type="java.lang.AssertionError">
      <![CDATA[java.lang.AssertionError: 
at MavenProject.MaveenProject.MecuryTours.loginvalid(MecuryTours.java:45)
... Removed 31 stack frames]]>
    </failure>
  </testcase> <!-- loginvalid -->
  <testcase name="invalidlogin" time="2.024" classname="MavenProject.MaveenProject.MecuryTours">
    <failure type="java.lang.AssertionError">
      <![CDATA[java.lang.AssertionError: 
at MavenProject.MaveenProject.MecuryTours.invalidlogin(MecuryTours.java:56)
... Removed 32 stack frames]]>
    </failure>
  </testcase> <!-- invalidlogin -->
</testsuite> <!-- Testngwithmaven -->
