<?xml version="1.0" encoding="UTF-8"?>
<!-- Generated by org.testng.reporters.JUnitXMLReporter -->
<testsuite hostname="SAI" ignored="0" name="Test" tests="3" failures="1" timestamp="05 Sep 2018 06:29:32 GMT" time="132.256" errors="0">
  <testcase name="MaxBrowser" time="1.325" classname="MavenProject.MaveenProject.MecuryTours"/>
  <testcase name="loginvalid" time="20.006" classname="MavenProject.MaveenProject.MecuryTours"/>
  <testcase name="invalidlogin" time="6.234" classname="MavenProject.MaveenProject.MecuryTours">
    <failure type="java.lang.AssertionError">
      <![CDATA[java.lang.AssertionError: 
at MavenProject.MaveenProject.MecuryTours.invalidlogin(MecuryTours.java:59)
... Removed 32 stack frames]]>
    </failure>
  </testcase> <!-- invalidlogin -->
</testsuite> <!-- Test -->
